{"level":"info","message":"Lakshya: So, what do you guys think about meaningful relationships or just hookups? I think meaningful relationships are definitely better.\n","timestamp":"2023-01-19T00:36:07.745Z"}
{"level":"info","message":"Lakshya: I mean, they offer more security and stability than just a hookup. Don't you think?\n","timestamp":"2023-01-19T00:36:13.850Z"}
{"level":"info","message":"Aadeesh: Yeah, definitely. But sometimes hookups can be fun, you know? I mean, they don't have to be all serious and stressful, if you do it right. I prefer meaningful relationships, but sometimes hookups are just what you need, you know?\n","timestamp":"2023-01-19T00:36:20.680Z"}
{"level":"info","message":"Aadeesh: It really depends on the situation - sometimes you just need a little bit of fun, and that's what a hookup can provide.\n","timestamp":"2023-01-19T00:36:27.023Z"}
{"level":"info","message":"Lakshya: Yeah, I agree. But I still think meaningful relationships are much better. They just offer a lot more than just physical pleasure - there's emotional connection, trust, and companionship. It's definitely worth the effort.\n","timestamp":"2023-01-19T00:36:35.702Z"}
{"level":"info","message":"Aadeesh: Absolutely. Maintaining a meaningful relationship isn't easy, but it's definitely worth it in the long run.\n","timestamp":"2023-01-19T00:36:41.586Z"}
{"level":"info","message":"Aadeesh: But at the end of the day, it all comes down to what you're comfortable with - whether it's a meaningful relationship or a no-strings attached hookup.\n","timestamp":"2023-01-19T00:36:48.192Z"}
{"level":"info","message":"Aadeesh: Both have their pros and cons, so it's important to figure out which is best for you.\n","timestamp":"2023-01-19T00:36:54.337Z"}
{"level":"info","message":"Aadeesh: I know for me, meaningful relationships are what I want. But I won't deny that it's nice to have some occasional no-strings attached hookups when I'm feeling a little adventurous.\n","timestamp":"2023-01-19T00:37:00.785Z"}
{"level":"info","message":"Lakshya: Alright, enough about relationships. Let's talk about something else. How about your comic book collection? It's pretty impressive, isn't it?\n","timestamp":"2023-01-19T00:37:08.162Z"}
{"level":"info","message":"Lakshya: I've always been amazed by the amount of comic books you own. What made you get into collecting them in the first place?\n","timestamp":"2023-01-19T00:37:14.322Z"}
{"level":"info","message":"Lakshya: Is it just for fun, or do you actually use them to research or something?\n","timestamp":"2023-01-19T00:37:20.243Z"}
{"level":"info","message":"Aadeesh: Oh, my collection? Well, it started out as just a hobby. I've always been a big fan of superheroes and I just thought it would be great to have an actual collection of them.\n","timestamp":"2023-01-19T00:37:26.621Z"}
{"level":"info","message":"Lakshya: That's cool. I never had the patience or the dedication to collect anything. But then again, I'm not really a fan of superheroes...\n","timestamp":"2023-01-19T00:37:32.941Z"}
{"level":"info","message":"Aadeesh: Hey, I'm kind of in the mood for some good old cooking. What do you think? Do you know of any good recipes that we can try?\n","timestamp":"2023-01-19T00:37:39.186Z"}
{"level":"info","message":"Aadeesh: It's been quite a while since I tried my hand at cooking. So, I'm kind of excited to try something new. \n","timestamp":"2023-01-19T00:37:45.366Z"}
{"level":"info","message":"Aadeesh: What about you Lakshya? Got any good recipes that we can try? Do you know how to make anything? \n","timestamp":"2023-01-19T00:37:51.885Z"}
{"level":"info","message":"Lakshya: Yeah, I do actually. I'm a bit of a stickler when it comes to cooking, so I have a few good recipes that I can make. I'm sure one of them will fit the bill.\n","timestamp":"2023-01-19T00:37:58.617Z"}
{"level":"info","message":"Aadeesh: Sounds great! I'm all ears. What kind of dish do you have in mind?\n","timestamp":"2023-01-19T00:38:04.788Z"}
{"level":"info","message":"Aadeesh: Alright, let's get cooking! I think it's best if we head to the kitchen now. Don't want to waste any more time. Lead the way, Lakshya!\n","timestamp":"2023-01-19T00:38:11.033Z"}
{"level":"info","message":"Lakshya: Absolutely. Let's go! (Lakshya and Aadeesh walk to the kitchen, ready to get cooking.)\n","timestamp":"2023-01-19T00:38:17.267Z"}
{"level":"info","message":"Aadeesh: Okay, so what's the plan?\n","timestamp":"2023-01-19T00:38:23.016Z"}
{"level":"info","message":"Aadeesh: What do we need to do to get this dish started?\n","timestamp":"2023-01-19T00:38:28.745Z"}
{"level":"info","message":"Aadeesh: What ingredients do we need?\n","timestamp":"2023-01-19T00:38:34.225Z"}
{"level":"info","message":"Lakshya: We'll need to chop some onions, and then garlic. We also need some olive oil, salt, and pepper. Let's get started!\n","timestamp":"2023-01-19T00:38:41.958Z"}
{"level":"info","message":"Aadeesh: Alrighty! (Aadeesh starts chopping the onions and Lakshya starts mincing the garlic.) \n","timestamp":"2023-01-19T00:38:47.919Z"}
{"level":"info","message":"Lakshya: So why did you pick this particular recipe?\n","timestamp":"2023-01-19T00:38:53.734Z"}
{"level":"info","message":"Aadeesh: I read about it in one of those comic books I was reading the other day and it sounded like it would be a good one to try out. Plus, I know you’ll do a great job with it since you have such a strong sense of determination and have that OCD to make sure everything is perfect!\n","timestamp":"2023-01-19T00:39:01.428Z"}
{"level":"info","message":"Aadeesh: So how are you liking your new job? Are you finding it challenging?\n","timestamp":"2023-01-19T00:39:07.122Z"}
{"level":"info","message":"Tathagat: Hey guys! What's going on? \n","timestamp":"2023-01-19T00:39:13.089Z"}
{"level":"info","message":"Devansh: Hi guys! Mind if I join? \n","timestamp":"2023-01-19T00:39:18.926Z"}
{"level":"info","message":"Aadeesh: Of course! We were just talking about Lakshya's new job. \n","timestamp":"2023-01-19T00:39:25.667Z"}
{"level":"info","message":"Aadeesh: Lakshya, does your new job follow your OCD tendencies?\n","timestamp":"2023-01-19T00:39:31.521Z"}
{"level":"info","message":"Lakshya: Yeah, it does. It's actually quite satisfying to be able to organize things to my liking. It helps me to stay calm and focused. Plus, the people I work with are really great.\n","timestamp":"2023-01-19T00:39:40.328Z"}
